# JRE version: Java(TM) SE Runtime Environment (8.0_92-b14) (build 1.8.0_92-b14)
# Java VM: Java HotSpot(TM) 64-Bit Server VM (25.92-b14 mixed mode windows-amd64 compressed oops)
Heap:
 PSYoungGen      total 131584K, used 8687K [0x00000000eb800000, 0x00000000f4d00000, 0x0000000100000000)
  eden space 122880K, 0% used [0x00000000eb800000,0x00000000eb800000,0x00000000f3000000)
  from space 8704K, 99% used [0x00000000f3c80000,0x00000000f44fbe88,0x00000000f4500000)
  to   space 12800K, 0% used [0x00000000f3000000,0x00000000f3000000,0x00000000f3c80000)
 ParOldGen       total 42496K, used 16137K [0x00000000c2800000, 0x00000000c5180000, 0x00000000eb800000)
  object space 42496K, 37% used [0x00000000c2800000,0x00000000c37c27b0,0x00000000c5180000)
 Metaspace       used 20744K, capacity 21134K, committed 21296K, reserved 1069056K
  class space    used 2484K, capacity 2615K, committed 2688K, reserved 1048576K
GC Heap History (10 events):
Event: 2.224 GC heap after
Heap after GC invocations=4 (full 0):
 PSYoungGen      total 34304K, used 2544K [0x00000000eb800000, 0x00000000edc00000, 0x0000000100000000)
  eden space 31744K, 0% used [0x00000000eb800000,0x00000000eb800000,0x00000000ed700000)
  from space 2560K, 99% used [0x00000000ed980000,0x00000000edbfc030,0x00000000edc00000)
  to   space 2560K, 0% used [0x00000000ed700000,0x00000000ed700000,0x00000000ed980000)
 ParOldGen       total 42496K, used 4549K [0x00000000c2800000, 0x00000000c5180000, 0x00000000eb800000)
  object space 42496K, 10% used [0x00000000c2800000,0x00000000c2c71688,0x00000000c5180000)
 Metaspace       used 11467K, capacity 11624K, committed 11776K, reserved 1058816K
  class space    used 1447K, capacity 1508K, committed 1536K, reserved 1048576K
}
Event: 4.187 GC heap before
{Heap before GC invocations=5 (full 0):
 PSYoungGen      total 34304K, used 34288K [0x00000000eb800000, 0x00000000edc00000, 0x0000000100000000)
  eden space 31744K, 100% used [0x00000000eb800000,0x00000000ed700000,0x00000000ed700000)
  from space 2560K, 99% used [0x00000000ed980000,0x00000000edbfc030,0x00000000edc00000)
  to   space 2560K, 0% used [0x00000000ed700000,0x00000000ed700000,0x00000000ed980000)
 ParOldGen       total 42496K, used 4549K [0x00000000c2800000, 0x00000000c5180000, 0x00000000eb800000)
  object space 42496K, 10% used [0x00000000c2800000,0x00000000c2c71688,0x00000000c5180000)
 Metaspace       used 14463K, capacity 14684K, committed 14976K, reserved 1062912K
  class space    used 1766K, capacity 1874K, committed 1920K, reserved 1048576K
Event: 4.214 GC heap after
Heap after GC invocations=5 (full 0):
 PSYoungGen      total 34304K, used 2528K [0x00000000eb800000, 0x00000000f0500000, 0x0000000100000000)
  eden space 31744K, 0% used [0x00000000eb800000,0x00000000eb800000,0x00000000ed700000)
  from space 2560K, 98% used [0x00000000ed700000,0x00000000ed978040,0x00000000ed980000)
  to   space 7680K, 0% used [0x00000000efd80000,0x00000000efd80000,0x00000000f0500000)
 ParOldGen       total 42496K, used 8803K [0x00000000c2800000, 0x00000000c5180000, 0x00000000eb800000)
  object space 42496K, 20% used [0x00000000c2800000,0x00000000c3098f88,0x00000000c5180000)
 Metaspace       used 14463K, capacity 14684K, committed 14976K, reserved 1062912K
  class space    used 1766K, capacity 1874K, committed 1920K, reserved 1048576K
}
Event: 7.463 GC heap before
{Heap before GC invocations=6 (full 0):
 PSYoungGen      total 34304K, used 34272K [0x00000000eb800000, 0x00000000f0500000, 0x0000000100000000)
  eden space 31744K, 100% used [0x00000000eb800000,0x00000000ed700000,0x00000000ed700000)
  from space 2560K, 98% used [0x00000000ed700000,0x00000000ed978040,0x00000000ed980000)
  to   space 7680K, 0% used [0x00000000efd80000,0x00000000efd80000,0x00000000f0500000)
 ParOldGen       total 42496K, used 8803K [0x00000000c2800000, 0x00000000c5180000, 0x00000000eb800000)
  object space 42496K, 20% used [0x00000000c2800000,0x00000000c3098f88,0x00000000c5180000)
 Metaspace       used 15178K, capacity 15474K, committed 15744K, reserved 1062912K
  class space    used 1841K, capacity 1919K, committed 1920K, reserved 1048576K
Event: 7.522 GC heap after
Heap after GC invocations=6 (full 0):
 PSYoungGen      total 71168K, used 5040K [0x00000000eb800000, 0x00000000f0500000, 0x0000000100000000)
  eden space 63488K, 0% used [0x00000000eb800000,0x00000000eb800000,0x00000000ef600000)
  from space 7680K, 65% used [0x00000000efd80000,0x00000000f026c010,0x00000000f0500000)
  to   space 7680K, 0% used [0x00000000ef600000,0x00000000ef600000,0x00000000efd80000)
 ParOldGen       total 42496K, used 8803K [0x00000000c2800000, 0x00000000c5180000, 0x00000000eb800000)
  object space 42496K, 20% used [0x00000000c2800000,0x00000000c3098f88,0x00000000c5180000)
 Metaspace       used 15178K, capacity 15474K, committed 15744K, reserved 1062912K
  class space    used 1841K, capacity 1919K, committed 1920K, reserved 1048576K
}
Event: 8.981 GC heap before
{Heap before GC invocations=7 (full 0):
 PSYoungGen      total 71168K, used 68506K [0x00000000eb800000, 0x00000000f0500000, 0x0000000100000000)
  eden space 63488K, 99% used [0x00000000eb800000,0x00000000ef5fa8b0,0x00000000ef600000)
  from space 7680K, 65% used [0x00000000efd80000,0x00000000f026c010,0x00000000f0500000)
  to   space 7680K, 0% used [0x00000000ef600000,0x00000000ef600000,0x00000000efd80000)
 ParOldGen       total 42496K, used 8803K [0x00000000c2800000, 0x00000000c5180000, 0x00000000eb800000)
  object space 42496K, 20% used [0x00000000c2800000,0x00000000c3098f88,0x00000000c5180000)
 Metaspace       used 19574K, capacity 20046K, committed 20224K, reserved 1067008K
  class space    used 2401K, capacity 2551K, committed 2560K, reserved 1048576K
Event: 9.003 GC heap after
Heap after GC invocations=7 (full 0):
 PSYoungGen      total 71168K, used 7659K [0x00000000eb800000, 0x00000000f4500000, 0x0000000100000000)
  eden space 63488K, 0% used [0x00000000eb800000,0x00000000eb800000,0x00000000ef600000)
  from space 7680K, 99% used [0x00000000ef600000,0x00000000efd7adf0,0x00000000efd80000)
  to   space 8704K, 0% used [0x00000000f3c80000,0x00000000f3c80000,0x00000000f4500000)
 ParOldGen       total 42496K, used 9315K [0x00000000c2800000, 0x00000000c5180000, 0x00000000eb800000)
  object space 42496K, 21% used [0x00000000c2800000,0x00000000c3118fd8,0x00000000c5180000)
 Metaspace       used 19574K, capacity 20046K, committed 20224K, reserved 1067008K
  class space    used 2401K, capacity 2551K, committed 2560K, reserved 1048576K
}
Event: 9.717 GC heap before
{Heap before GC invocations=8 (full 0):
 PSYoungGen      total 71168K, used 44592K [0x00000000eb800000, 0x00000000f4500000, 0x0000000100000000)
  eden space 63488K, 58% used [0x00000000eb800000,0x00000000edc11408,0x00000000ef600000)
  from space 7680K, 99% used [0x00000000ef600000,0x00000000efd7adf0,0x00000000efd80000)
  to   space 8704K, 0% used [0x00000000f3c80000,0x00000000f3c80000,0x00000000f4500000)
 ParOldGen       total 42496K, used 9315K [0x00000000c2800000, 0x00000000c5180000, 0x00000000eb800000)
  object space 42496K, 21% used [0x00000000c2800000,0x00000000c3118fd8,0x00000000c5180000)
 Metaspace       used 20744K, capacity 21134K, committed 21296K, reserved 1069056K
  class space    used 2484K, capacity 2615K, committed 2688K, reserved 1048576K
Event: 9.820 GC heap after
Heap after GC invocations=8 (full 0):
 PSYoungGen      total 131584K, used 8687K [0x00000000eb800000, 0x00000000f4d00000, 0x0000000100000000)
  eden space 122880K, 0% used [0x00000000eb800000,0x00000000eb800000,0x00000000f3000000)
  from space 8704K, 99% used [0x00000000f3c80000,0x00000000f44fbe88,0x00000000f4500000)
  to   space 12800K, 0% used [0x00000000f3000000,0x00000000f3000000,0x00000000f3c80000)
 ParOldGen       total 42496K, used 16137K [0x00000000c2800000, 0x00000000c5180000, 0x00000000eb800000)
  object space 42496K, 37% used [0x00000000c2800000,0x00000000c37c27b0,0x00000000c5180000)
 Metaspace       used 20744K, capacity 21134K, committed 21296K, reserved 1069056K
  class space    used 2484K, capacity 2615K, committed 2688K, reserved 1048576K
}
Event: 9.820 GC heap before
{Heap before GC invocations=9 (full 1):
 PSYoungGen      total 131584K, used 8687K [0x00000000eb800000, 0x00000000f4d00000, 0x0000000100000000)
  eden space 122880K, 0% used [0x00000000eb800000,0x00000000eb800000,0x00000000f3000000)
  from space 8704K, 99% used [0x00000000f3c80000,0x00000000f44fbe88,0x00000000f4500000)
  to   space 12800K, 0% used [0x00000000f3000000,0x00000000f3000000,0x00000000f3c80000)
 ParOldGen       total 42496K, used 16137K [0x00000000c2800000, 0x00000000c5180000, 0x00000000eb800000)
  object space 42496K, 37% used [0x00000000c2800000,0x00000000c37c27b0,0x00000000c5180000)
 Metaspace       used 20744K, capacity 21134K, committed 21296K, reserved 1069056K
  class space    used 2484K, capacity 2615K, committed 2688K, reserved 1048576K

